app/build/intermediates/manifest_merge_blame_file/debug/processDebugMainManifest/manifest-merger-blame-debug-report.txt
1<?xml version="1.0" encoding="utf-8"?>
2<manifest xmlns:android="http://schemas.android.com/apk/res/android"
3    package="com.example.wheatoride"
4    android:versionCode="1"
5    android:versionName="1.0" >
6
7    <uses-sdk
8        android:minSdkVersion="26"
9        android:targetSdkVersion="33" />
10
11    <uses-feature
11-->src\main\AndroidManifest.xml:5:5-7:36
12        android:name="android.hardware.camera"
12-->src\main\AndroidManifest.xml:6:9-47
13        android:required="false" />
13-->src\main\AndroidManifest.xml:7:9-33
14
15    <uses-permission android:name="android.permission.ACCESS_FINE_LOCATION" />
15-->src\main\AndroidManifest.xml:9:5-79
15-->src\main\AndroidManifest.xml:9:22-76
16    <uses-permission android:name="android.permission.ACCESS_COARSE_LOCATION" />
16-->src\main\AndroidManifest.xml:10:5-81
16-->src\main\AndroidManifest.xml:10:22-78
17    <uses-permission android:name="com.google.android.gms.permission.READ_PROFILE" />
17-->src\main\AndroidManifest.xml:11:5-86
17-->src\main\AndroidManifest.xml:11:22-83
18    <uses-permission android:name="android.permission.CAMERA" />
18-->src\main\AndroidManifest.xml:12:5-65
18-->src\main\AndroidManifest.xml:12:22-62
19    <uses-permission android:name="android.permission.INTERNET" />
19-->src\main\AndroidManifest.xml:13:5-67
19-->src\main\AndroidManifest.xml:13:22-64
20    <uses-permission android:name="android.permission.ACCESS_NETWORK_STATE" />
20-->[com.google.firebase:firebase-auth:22.3.1] AndroidManifest.xml:26:5-79
20-->[com.google.firebase:firebase-auth:22.3.1] AndroidManifest.xml:26:22-76
21    <uses-permission android:name="android.permission.POST_NOTIFICATIONS" />
21-->[com.google.firebase:firebase-messaging:23.4.1] AndroidManifest.xml:23:5-77
21-->[com.google.firebase:firebase-messaging:23.4.1] AndroidManifest.xml:23:22-74
22    <uses-permission android:name="android.permission.WAKE_LOCK" /> <!-- Required by older versions of Google Play services to create IID tokens -->
22-->[com.google.firebase:firebase-messaging:23.4.1] AndroidManifest.xml:24:5-68
22-->[com.google.firebase:firebase-messaging:23.4.1] AndroidManifest.xml:24:22-65
23    <uses-permission android:name="com.google.android.c2dm.permission.RECEIVE" />
23-->[com.google.firebase:firebase-messaging:23.4.1] AndroidManifest.xml:26:5-82
23-->[com.google.firebase:firebase-messaging:23.4.1] AndroidManifest.xml:26:22-79
24
25    <queries>
25-->[com.github.dhaval2404:imagepicker:2.1] AndroidManifest.xml:9:5-19:15
26
27        <!-- Query Camera Packages -->
28        <intent>
28-->[com.github.dhaval2404:imagepicker:2.1] AndroidManifest.xml:12:9-14:18
29            <action android:name="android.media.action.IMAGE_CAPTURE" />
29-->[com.github.dhaval2404:imagepicker:2.1] AndroidManifest.xml:13:13-73
29-->[com.github.dhaval2404:imagepicker:2.1] AndroidManifest.xml:13:21-70
30        </intent>
31        <!-- Query Open Document -->
32        <intent>
32-->[com.github.dhaval2404:imagepicker:2.1] AndroidManifest.xml:16:9-18:18
33            <action android:name="android.intent.action.OPEN_DOCUMENT_TREE" />
33-->[com.github.dhaval2404:imagepicker:2.1] AndroidManifest.xml:17:13-79
33-->[com.github.dhaval2404:imagepicker:2.1] AndroidManifest.xml:17:21-76
34        </intent>
35    </queries>
36
37    <uses-permission android:name="com.google.android.finsky.permission.BIND_GET_INSTALL_REFERRER_SERVICE" />
37-->[com.google.android.gms:play-services-measurement:21.5.1] AndroidManifest.xml:26:5-110
37-->[com.google.android.gms:play-services-measurement:21.5.1] AndroidManifest.xml:26:22-107
38    <uses-permission android:name="com.google.android.gms.permission.AD_ID" />
38-->[com.google.android.gms:play-services-measurement-api:21.5.1] AndroidManifest.xml:25:5-79
38-->[com.google.android.gms:play-services-measurement-api:21.5.1] AndroidManifest.xml:25:22-76
39    <uses-permission android:name="android.permission.ACCESS_ADSERVICES_ATTRIBUTION" />
39-->[com.google.android.gms:play-services-measurement-api:21.5.1] AndroidManifest.xml:26:5-88
39-->[com.google.android.gms:play-services-measurement-api:21.5.1] AndroidManifest.xml:26:22-85
40    <uses-permission android:name="android.permission.ACCESS_ADSERVICES_AD_ID" />
40-->[com.google.android.gms:play-services-measurement-api:21.5.1] AndroidManifest.xml:27:5-82
40-->[com.google.android.gms:play-services-measurement-api:21.5.1] AndroidManifest.xml:27:22-79
41    <uses-permission android:name="com.google.android.providers.gsf.permission.READ_GSERVICES" />
41-->[com.google.android.recaptcha:recaptcha:18.4.0] AndroidManifest.xml:9:5-98
41-->[com.google.android.recaptcha:recaptcha:18.4.0] AndroidManifest.xml:9:22-95
42
43    <permission
43-->[androidx.core:core:1.9.0] AndroidManifest.xml:22:5-24:47
44        android:name="com.example.wheatoride.DYNAMIC_RECEIVER_NOT_EXPORTED_PERMISSION"
44-->[androidx.core:core:1.9.0] AndroidManifest.xml:23:9-81
45        android:protectionLevel="signature" />
45-->[androidx.core:core:1.9.0] AndroidManifest.xml:24:9-44
46
47    <uses-permission android:name="com.example.wheatoride.DYNAMIC_RECEIVER_NOT_EXPORTED_PERMISSION" />
47-->[androidx.core:core:1.9.0] AndroidManifest.xml:26:5-97
47-->[androidx.core:core:1.9.0] AndroidManifest.xml:26:22-94
48
49    <application
49-->src\main\AndroidManifest.xml:15:5-94:19
50        android:allowBackup="true"
50-->src\main\AndroidManifest.xml:16:9-35
51        android:appComponentFactory="androidx.core.app.CoreComponentFactory"
51-->[androidx.core:core:1.9.0] AndroidManifest.xml:28:18-86
52        android:dataExtractionRules="@xml/data_extraction_rules"
52-->src\main\AndroidManifest.xml:17:9-65
53        android:debuggable="true"
54        android:extractNativeLibs="false"
55        android:fullBackupContent="@xml/backup_rules"
55-->src\main\AndroidManifest.xml:18:9-54
56        android:icon="@mipmap/ic_launcher"
56-->src\main\AndroidManifest.xml:19:9-43
57        android:label="@string/app_name"
57-->src\main\AndroidManifest.xml:20:9-41
58        android:roundIcon="@mipmap/ic_launcher_round"
58-->src\main\AndroidManifest.xml:21:9-54
59        android:supportsRtl="true"
59-->src\main\AndroidManifest.xml:22:9-35
60        android:testOnly="true"
61        android:theme="@style/Theme.WheatORide" >
61-->src\main\AndroidManifest.xml:23:9-48
62        <activity
62-->src\main\AndroidManifest.xml:25:9-27:40
63            android:name="com.example.wheatoride.Application"
63-->src\main\AndroidManifest.xml:26:13-40
64            android:exported="false" />
64-->src\main\AndroidManifest.xml:27:13-37
65        <activity
65-->src\main\AndroidManifest.xml:28:9-30:40
66            android:name="com.example.wheatoride.BuildProfileActivity"
66-->src\main\AndroidManifest.xml:29:13-49
67            android:exported="false" />
67-->src\main\AndroidManifest.xml:30:13-37
68        <activity
68-->src\main\AndroidManifest.xml:31:9-33:40
69            android:name="com.example.wheatoride.CreatePostActivity"
69-->src\main\AndroidManifest.xml:32:13-47
70            android:exported="false" />
70-->src\main\AndroidManifest.xml:33:13-37
71        <activity
71-->src\main\AndroidManifest.xml:34:9-36:40
72            android:name="com.example.wheatoride.ConfirmActivity"
72-->src\main\AndroidManifest.xml:35:13-44
73            android:exported="false" />
73-->src\main\AndroidManifest.xml:36:13-37
74
75        <meta-data
75-->src\main\AndroidManifest.xml:38:9-40:58
76            android:name="com.google.firebase.messaging.default_notification_icon"
76-->src\main\AndroidManifest.xml:39:13-83
77            android:resource="@drawable/launcher_icon" />
77-->src\main\AndroidManifest.xml:40:13-55
78        <meta-data
78-->src\main\AndroidManifest.xml:41:9-43:49
79            android:name="com.google.firebase.messaging.default_notification_color"
79-->src\main\AndroidManifest.xml:42:13-84
80            android:resource="@color/primary" />
80-->src\main\AndroidManifest.xml:43:13-46
81
82        <activity
82-->src\main\AndroidManifest.xml:45:9-51:20
83            android:name="com.example.wheatoride.ChatActivity"
83-->src\main\AndroidManifest.xml:46:13-41
84            android:exported="false" >
84-->src\main\AndroidManifest.xml:47:13-37
85            <meta-data
85-->src\main\AndroidManifest.xml:48:13-50:36
86                android:name="android.app.lib_name"
86-->src\main\AndroidManifest.xml:49:17-52
87                android:value="" />
87-->src\main\AndroidManifest.xml:50:17-33
88        </activity>
89        <activity
89-->src\main\AndroidManifest.xml:52:9-58:20
90            android:name="com.example.wheatoride.SearchUserActivity"
90-->src\main\AndroidManifest.xml:53:13-47
91            android:exported="false" >
91-->src\main\AndroidManifest.xml:54:13-37
92            <meta-data
92-->src\main\AndroidManifest.xml:48:13-50:36
93                android:name="android.app.lib_name"
93-->src\main\AndroidManifest.xml:49:17-52
94                android:value="" />
94-->src\main\AndroidManifest.xml:50:17-33
95        </activity>
96        <activity
96-->src\main\AndroidManifest.xml:59:9-65:20
97            android:name="com.example.wheatoride.LoginGoogleActivity"
97-->src\main\AndroidManifest.xml:60:13-48
98            android:exported="false" >
98-->src\main\AndroidManifest.xml:61:13-37
99            <meta-data
99-->src\main\AndroidManifest.xml:48:13-50:36
100                android:name="android.app.lib_name"
100-->src\main\AndroidManifest.xml:49:17-52
101                android:value="" />
101-->src\main\AndroidManifest.xml:50:17-33
102        </activity>
103        <activity
103-->src\main\AndroidManifest.xml:66:9-78:20
104            android:name="com.example.wheatoride.SplashActivity"
104-->src\main\AndroidManifest.xml:67:13-43
105            android:exported="true" >
105-->src\main\AndroidManifest.xml:68:13-36
106            <intent-filter>
106-->src\main\AndroidManifest.xml:69:13-73:29
107                <action android:name="android.intent.action.MAIN" />
107-->src\main\AndroidManifest.xml:70:17-69
107-->src\main\AndroidManifest.xml:70:25-66
108
109                <category android:name="android.intent.category.LAUNCHER" />
109-->src\main\AndroidManifest.xml:72:17-77
109-->src\main\AndroidManifest.xml:72:27-74
110            </intent-filter>
111
112            <meta-data
112-->src\main\AndroidManifest.xml:48:13-50:36
113                android:name="android.app.lib_name"
113-->src\main\AndroidManifest.xml:49:17-52
114                android:value="" />
114-->src\main\AndroidManifest.xml:50:17-33
115        </activity>
116        <activity
116-->src\main\AndroidManifest.xml:79:9-85:20
117            android:name="com.example.wheatoride.MainActivity"
117-->src\main\AndroidManifest.xml:80:13-41
118            android:exported="true" >
118-->src\main\AndroidManifest.xml:81:13-36
119            <meta-data
119-->src\main\AndroidManifest.xml:48:13-50:36
120                android:name="android.app.lib_name"
120-->src\main\AndroidManifest.xml:49:17-52
121                android:value="" />
121-->src\main\AndroidManifest.xml:50:17-33
122        </activity>
123
124        <service
124-->src\main\AndroidManifest.xml:87:9-93:19
125            android:name="com.example.wheatoride.FCMNotificationService"
125-->src\main\AndroidManifest.xml:88:13-51
126            android:exported="false" >
126-->src\main\AndroidManifest.xml:89:13-37
127            <intent-filter>
127-->src\main\AndroidManifest.xml:90:13-92:29
128                <action android:name="com.google.firebase.MESSAGING_EVENT" />
128-->src\main\AndroidManifest.xml:91:17-78
128-->src\main\AndroidManifest.xml:91:25-75
129            </intent-filter>
130        </service>
131
132        <activity
132-->[com.google.firebase:firebase-auth:22.3.1] AndroidManifest.xml:29:9-46:20
133            android:name="com.google.firebase.auth.internal.GenericIdpActivity"
133-->[com.google.firebase:firebase-auth:22.3.1] AndroidManifest.xml:30:13-80
134            android:excludeFromRecents="true"
134-->[com.google.firebase:firebase-auth:22.3.1] AndroidManifest.xml:31:13-46
135            android:exported="true"
135-->[com.google.firebase:firebase-auth:22.3.1] AndroidManifest.xml:32:13-36
136            android:launchMode="singleTask"
136-->[com.google.firebase:firebase-auth:22.3.1] AndroidManifest.xml:33:13-44
137            android:theme="@android:style/Theme.Translucent.NoTitleBar" >
137-->[com.google.firebase:firebase-auth:22.3.1] AndroidManifest.xml:34:13-72
138            <intent-filter>
138-->[com.google.firebase:firebase-auth:22.3.1] AndroidManifest.xml:35:13-45:29
139                <action android:name="android.intent.action.VIEW" />
139-->[com.google.firebase:firebase-auth:22.3.1] AndroidManifest.xml:36:17-69
139-->[com.google.firebase:firebase-auth:22.3.1] AndroidManifest.xml:36:25-66
140
141                <category android:name="android.intent.category.DEFAULT" />
141-->[com.google.firebase:firebase-auth:22.3.1] AndroidManifest.xml:38:17-76
141-->[com.google.firebase:firebase-auth:22.3.1] AndroidManifest.xml:38:27-73
142                <category android:name="android.intent.category.BROWSABLE" />
142-->[com.google.firebase:firebase-auth:22.3.1] AndroidManifest.xml:39:17-78
142-->[com.google.firebase:firebase-auth:22.3.1] AndroidManifest.xml:39:27-75
143
144                <data
144-->[com.google.firebase:firebase-auth:22.3.1] AndroidManifest.xml:41:17-44:51
145                    android:host="firebase.auth"
145-->[com.google.firebase:firebase-auth:22.3.1] AndroidManifest.xml:42:21-49
146                    android:path="/"
146-->[com.google.firebase:firebase-auth:22.3.1] AndroidManifest.xml:43:21-37
147                    android:scheme="genericidp" />
147-->[com.google.firebase:firebase-auth:22.3.1] AndroidManifest.xml:44:21-48
148            </intent-filter>
149        </activity>
150        <activity
150-->[com.google.firebase:firebase-auth:22.3.1] AndroidManifest.xml:47:9-64:20
151            android:name="com.google.firebase.auth.internal.RecaptchaActivity"
151-->[com.google.firebase:firebase-auth:22.3.1] AndroidManifest.xml:48:13-79
152            android:excludeFromRecents="true"
152-->[com.google.firebase:firebase-auth:22.3.1] AndroidManifest.xml:49:13-46
153            android:exported="true"
153-->[com.google.firebase:firebase-auth:22.3.1] AndroidManifest.xml:50:13-36
154            android:launchMode="singleTask"
154-->[com.google.firebase:firebase-auth:22.3.1] AndroidManifest.xml:51:13-44
155            android:theme="@android:style/Theme.Translucent.NoTitleBar" >
155-->[com.google.firebase:firebase-auth:22.3.1] AndroidManifest.xml:52:13-72
156            <intent-filter>
156-->[com.google.firebase:firebase-auth:22.3.1] AndroidManifest.xml:53:13-63:29
157                <action android:name="android.intent.action.VIEW" />
157-->[com.google.firebase:firebase-auth:22.3.1] AndroidManifest.xml:36:17-69
157-->[com.google.firebase:firebase-auth:22.3.1] AndroidManifest.xml:36:25-66
158
159                <category android:name="android.intent.category.DEFAULT" />
159-->[com.google.firebase:firebase-auth:22.3.1] AndroidManifest.xml:38:17-76
159-->[com.google.firebase:firebase-auth:22.3.1] AndroidManifest.xml:38:27-73
160                <category android:name="android.intent.category.BROWSABLE" />
160-->[com.google.firebase:firebase-auth:22.3.1] AndroidManifest.xml:39:17-78
160-->[com.google.firebase:firebase-auth:22.3.1] AndroidManifest.xml:39:27-75
161
162                <data
162-->[com.google.firebase:firebase-auth:22.3.1] AndroidManifest.xml:41:17-44:51
163                    android:host="firebase.auth"
163-->[com.google.firebase:firebase-auth:22.3.1] AndroidManifest.xml:42:21-49
164                    android:path="/"
164-->[com.google.firebase:firebase-auth:22.3.1] AndroidManifest.xml:43:21-37
165                    android:scheme="recaptcha" />
165-->[com.google.firebase:firebase-auth:22.3.1] AndroidManifest.xml:44:21-48
166            </intent-filter>
167        </activity>
168
169        <service
169-->[com.google.firebase:firebase-auth:22.3.1] AndroidManifest.xml:66:9-72:19
170            android:name="com.google.firebase.components.ComponentDiscoveryService"
170-->[com.google.firebase:firebase-auth:22.3.1] AndroidManifest.xml:67:13-84
171            android:directBootAware="true"
171-->[com.google.firebase:firebase-common:20.4.2] AndroidManifest.xml:32:13-43
172            android:exported="false" >
172-->[com.google.firebase:firebase-auth:22.3.1] AndroidManifest.xml:68:13-37
173            <meta-data
173-->[com.google.firebase:firebase-auth:22.3.1] AndroidManifest.xml:69:13-71:85
174                android:name="com.google.firebase.components:com.google.firebase.auth.FirebaseAuthRegistrar"
174-->[com.google.firebase:firebase-auth:22.3.1] AndroidManifest.xml:70:17-109
175                android:value="com.google.firebase.components.ComponentRegistrar" />
175-->[com.google.firebase:firebase-auth:22.3.1] AndroidManifest.xml:71:17-82
176            <meta-data
176-->[com.google.firebase:firebase-firestore:24.10.3] AndroidManifest.xml:17:13-19:85
177                android:name="com.google.firebase.components:com.google.firebase.firestore.FirebaseFirestoreKtxRegistrar"
177-->[com.google.firebase:firebase-firestore:24.10.3] AndroidManifest.xml:18:17-122
178                android:value="com.google.firebase.components.ComponentRegistrar" />
178-->[com.google.firebase:firebase-firestore:24.10.3] AndroidManifest.xml:19:17-82
179            <meta-data
179-->[com.google.firebase:firebase-firestore:24.10.3] AndroidManifest.xml:20:13-22:85
180                android:name="com.google.firebase.components:com.google.firebase.firestore.FirestoreRegistrar"
180-->[com.google.firebase:firebase-firestore:24.10.3] AndroidManifest.xml:21:17-111
181                android:value="com.google.firebase.components.ComponentRegistrar" />
181-->[com.google.firebase:firebase-firestore:24.10.3] AndroidManifest.xml:22:17-82
182            <meta-data
182-->[com.google.firebase:firebase-database:20.3.1] AndroidManifest.xml:29:13-31:85
183                android:name="com.google.firebase.components:com.google.firebase.database.FirebaseDatabaseKtxRegistrar"
183-->[com.google.firebase:firebase-database:20.3.1] AndroidManifest.xml:30:17-120
184                android:value="com.google.firebase.components.ComponentRegistrar" />
184-->[com.google.firebase:firebase-database:20.3.1] AndroidManifest.xml:31:17-82
185            <meta-data
185-->[com.google.firebase:firebase-database:20.3.1] AndroidManifest.xml:32:13-34:85
186                android:name="com.google.firebase.components:com.google.firebase.database.DatabaseRegistrar"
186-->[com.google.firebase:firebase-database:20.3.1] AndroidManifest.xml:33:17-109
187                android:value="com.google.firebase.components.ComponentRegistrar" />
187-->[com.google.firebase:firebase-database:20.3.1] AndroidManifest.xml:34:17-82
188            <meta-data
188-->[com.google.firebase:firebase-storage:20.3.0] AndroidManifest.xml:30:13-32:85
189                android:name="com.google.firebase.components:com.google.firebase.storage.FirebaseStorageKtxRegistrar"
189-->[com.google.firebase:firebase-storage:20.3.0] AndroidManifest.xml:31:17-118
190                android:value="com.google.firebase.components.ComponentRegistrar" />
190-->[com.google.firebase:firebase-storage:20.3.0] AndroidManifest.xml:32:17-82
191            <meta-data
191-->[com.google.firebase:firebase-storage:20.3.0] AndroidManifest.xml:33:13-35:85
192                android:name="com.google.firebase.components:com.google.firebase.storage.StorageRegistrar"
192-->[com.google.firebase:firebase-storage:20.3.0] AndroidManifest.xml:34:17-107
193                android:value="com.google.firebase.components.ComponentRegistrar" />
193-->[com.google.firebase:firebase-storage:20.3.0] AndroidManifest.xml:35:17-82
194            <meta-data
194-->[com.google.firebase:firebase-messaging:23.4.1] AndroidManifest.xml:57:13-59:85
195                android:name="com.google.firebase.components:com.google.firebase.messaging.FirebaseMessagingKtxRegistrar"
195-->[com.google.firebase:firebase-messaging:23.4.1] AndroidManifest.xml:58:17-122
196                android:value="com.google.firebase.components.ComponentRegistrar" />
196-->[com.google.firebase:firebase-messaging:23.4.1] AndroidManifest.xml:59:17-82
197            <meta-data
197-->[com.google.firebase:firebase-messaging:23.4.1] AndroidManifest.xml:60:13-62:85
198                android:name="com.google.firebase.components:com.google.firebase.messaging.FirebaseMessagingRegistrar"
198-->[com.google.firebase:firebase-messaging:23.4.1] AndroidManifest.xml:61:17-119
199                android:value="com.google.firebase.components.ComponentRegistrar" />
199-->[com.google.firebase:firebase-messaging:23.4.1] AndroidManifest.xml:62:17-82
200            <meta-data
200-->[com.google.firebase:firebase-appcheck-playintegrity:17.1.2] AndroidManifest.xml:25:13-27:85
201                android:name="com.google.firebase.components:com.google.firebase.appcheck.playintegrity.FirebaseAppCheckPlayIntegrityRegistrar"
201-->[com.google.firebase:firebase-appcheck-playintegrity:17.1.2] AndroidManifest.xml:26:17-144
202                android:value="com.google.firebase.components.ComponentRegistrar" />
202-->[com.google.firebase:firebase-appcheck-playintegrity:17.1.2] AndroidManifest.xml:27:17-82
203            <meta-data
203-->[com.google.firebase:firebase-appcheck:17.1.2] AndroidManifest.xml:25:13-27:85
204                android:name="com.google.firebase.components:com.google.firebase.appcheck.FirebaseAppCheckKtxRegistrar"
204-->[com.google.firebase:firebase-appcheck:17.1.2] AndroidManifest.xml:26:17-120
205                android:value="com.google.firebase.components.ComponentRegistrar" />
205-->[com.google.firebase:firebase-appcheck:17.1.2] AndroidManifest.xml:27:17-82
206            <meta-data
206-->[com.google.firebase:firebase-appcheck:17.1.2] AndroidManifest.xml:28:13-30:85
207                android:name="com.google.firebase.components:com.google.firebase.appcheck.FirebaseAppCheckRegistrar"
207-->[com.google.firebase:firebase-appcheck:17.1.2] AndroidManifest.xml:29:17-117
208                android:value="com.google.firebase.components.ComponentRegistrar" />
208-->[com.google.firebase:firebase-appcheck:17.1.2] AndroidManifest.xml:30:17-82
209            <meta-data
209-->[com.google.android.gms:play-services-measurement-api:21.5.1] AndroidManifest.xml:37:13-39:85
210                android:name="com.google.firebase.components:com.google.firebase.analytics.connector.internal.AnalyticsConnectorRegistrar"
210-->[com.google.android.gms:play-services-measurement-api:21.5.1] AndroidManifest.xml:38:17-139
211                android:value="com.google.firebase.components.ComponentRegistrar" />
211-->[com.google.android.gms:play-services-measurement-api:21.5.1] AndroidManifest.xml:39:17-82
212            <meta-data
212-->[com.google.firebase:firebase-installations:17.2.0] AndroidManifest.xml:15:13-17:85
213                android:name="com.google.firebase.components:com.google.firebase.installations.FirebaseInstallationsKtxRegistrar"
213-->[com.google.firebase:firebase-installations:17.2.0] AndroidManifest.xml:16:17-130
214                android:value="com.google.firebase.components.ComponentRegistrar" />
214-->[com.google.firebase:firebase-installations:17.2.0] AndroidManifest.xml:17:17-82
215            <meta-data
215-->[com.google.firebase:firebase-installations:17.2.0] AndroidManifest.xml:18:13-20:85
216                android:name="com.google.firebase.components:com.google.firebase.installations.FirebaseInstallationsRegistrar"
216-->[com.google.firebase:firebase-installations:17.2.0] AndroidManifest.xml:19:17-127
217                android:value="com.google.firebase.components.ComponentRegistrar" />
217-->[com.google.firebase:firebase-installations:17.2.0] AndroidManifest.xml:20:17-82
218            <meta-data
218-->[com.google.firebase:firebase-common-ktx:20.4.2] AndroidManifest.xml:12:13-14:85
219                android:name="com.google.firebase.components:com.google.firebase.ktx.FirebaseCommonLegacyRegistrar"
219-->[com.google.firebase:firebase-common-ktx:20.4.2] AndroidManifest.xml:13:17-116
220                android:value="com.google.firebase.components.ComponentRegistrar" />
220-->[com.google.firebase:firebase-common-ktx:20.4.2] AndroidManifest.xml:14:17-82
221            <meta-data
221-->[com.google.firebase:firebase-common:20.4.2] AndroidManifest.xml:35:13-37:85
222                android:name="com.google.firebase.components:com.google.firebase.FirebaseCommonKtxRegistrar"
222-->[com.google.firebase:firebase-common:20.4.2] AndroidManifest.xml:36:17-109
223                android:value="com.google.firebase.components.ComponentRegistrar" />
223-->[com.google.firebase:firebase-common:20.4.2] AndroidManifest.xml:37:17-82
224            <meta-data
224-->[com.google.firebase:firebase-datatransport:18.1.7] AndroidManifest.xml:27:13-29:85
225                android:name="com.google.firebase.components:com.google.firebase.datatransport.TransportRegistrar"
225-->[com.google.firebase:firebase-datatransport:18.1.7] AndroidManifest.xml:28:17-115
226                android:value="com.google.firebase.components.ComponentRegistrar" />
226-->[com.google.firebase:firebase-datatransport:18.1.7] AndroidManifest.xml:29:17-82
227        </service>
228
229        <receiver
229-->[com.google.firebase:firebase-messaging:23.4.1] AndroidManifest.xml:29:9-40:20
230            android:name="com.google.firebase.iid.FirebaseInstanceIdReceiver"
230-->[com.google.firebase:firebase-messaging:23.4.1] AndroidManifest.xml:30:13-78
231            android:exported="true"
231-->[com.google.firebase:firebase-messaging:23.4.1] AndroidManifest.xml:31:13-36
232            android:permission="com.google.android.c2dm.permission.SEND" >
232-->[com.google.firebase:firebase-messaging:23.4.1] AndroidManifest.xml:32:13-73
233            <intent-filter>
233-->[com.google.firebase:firebase-messaging:23.4.1] AndroidManifest.xml:33:13-35:29
234                <action android:name="com.google.android.c2dm.intent.RECEIVE" />
234-->[com.google.firebase:firebase-messaging:23.4.1] AndroidManifest.xml:34:17-81
234-->[com.google.firebase:firebase-messaging:23.4.1] AndroidManifest.xml:34:25-78
235            </intent-filter>
236
237            <meta-data
237-->[com.google.firebase:firebase-messaging:23.4.1] AndroidManifest.xml:37:13-39:40
238                android:name="com.google.android.gms.cloudmessaging.FINISHED_AFTER_HANDLED"
238-->[com.google.firebase:firebase-messaging:23.4.1] AndroidManifest.xml:38:17-92
239                android:value="true" />
239-->[com.google.firebase:firebase-messaging:23.4.1] AndroidManifest.xml:39:17-37
240        </receiver>
241        <!--
242             FirebaseMessagingService performs security checks at runtime,
243             but set to not exported to explicitly avoid allowing another app to call it.
244        -->
245        <service
245-->[com.google.firebase:firebase-messaging:23.4.1] AndroidManifest.xml:46:9-53:19
246            android:name="com.google.firebase.messaging.FirebaseMessagingService"
246-->[com.google.firebase:firebase-messaging:23.4.1] AndroidManifest.xml:47:13-82
247            android:directBootAware="true"
247-->[com.google.firebase:firebase-messaging:23.4.1] AndroidManifest.xml:48:13-43
248            android:exported="false" >
248-->[com.google.firebase:firebase-messaging:23.4.1] AndroidManifest.xml:49:13-37
249            <intent-filter android:priority="-500" >
249-->src\main\AndroidManifest.xml:90:13-92:29
250                <action android:name="com.google.firebase.MESSAGING_EVENT" />
250-->src\main\AndroidManifest.xml:91:17-78
250-->src\main\AndroidManifest.xml:91:25-75
251            </intent-filter>
252        </service>
253
254        <activity
254-->[com.google.android.gms:play-services-auth:21.0.0] AndroidManifest.xml:23:9-27:75
255            android:name="com.google.android.gms.auth.api.signin.internal.SignInHubActivity"
255-->[com.google.android.gms:play-services-auth:21.0.0] AndroidManifest.xml:24:13-93
256            android:excludeFromRecents="true"
256-->[com.google.android.gms:play-services-auth:21.0.0] AndroidManifest.xml:25:13-46
257            android:exported="false"
257-->[com.google.android.gms:play-services-auth:21.0.0] AndroidManifest.xml:26:13-37
258            android:theme="@android:style/Theme.Translucent.NoTitleBar" />
258-->[com.google.android.gms:play-services-auth:21.0.0] AndroidManifest.xml:27:13-72
259        <!--
260            Service handling Google Sign-In user revocation. For apps that do not integrate with
261            Google Sign-In, this service will never be started.
262        -->
263        <service
263-->[com.google.android.gms:play-services-auth:21.0.0] AndroidManifest.xml:33:9-37:51
264            android:name="com.google.android.gms.auth.api.signin.RevocationBoundService"
264-->[com.google.android.gms:play-services-auth:21.0.0] AndroidManifest.xml:34:13-89
265            android:exported="true"
265-->[com.google.android.gms:play-services-auth:21.0.0] AndroidManifest.xml:35:13-36
266            android:permission="com.google.android.gms.auth.api.signin.permission.REVOCATION_NOTIFICATION"
266-->[com.google.android.gms:play-services-auth:21.0.0] AndroidManifest.xml:36:13-107
267            android:visibleToInstantApps="true" />
267-->[com.google.android.gms:play-services-auth:21.0.0] AndroidManifest.xml:37:13-48
268
269        <activity
269-->[com.github.dhaval2404:imagepicker:2.1] AndroidManifest.xml:22:9-25:68
270            android:name="com.github.dhaval2404.imagepicker.ImagePickerActivity"
270-->[com.github.dhaval2404:imagepicker:2.1] AndroidManifest.xml:23:13-81
271            android:screenOrientation="unspecified"
271-->[com.github.dhaval2404:imagepicker:2.1] AndroidManifest.xml:24:13-52
272            android:theme="@style/Theme.Transparent.ImagePicker" />